LOG 2026/03/18
Save Path: C:\Users\82107\Desktop\Cliper\bin\Logs
Task Start: 2026/03/18 04:51:53
Task CommandLine: C:\Users\82107\Desktop\Cliper\bin\N_m3u8DL-RE.exe https://light-slit.akamaized.net/chzzk/kr/live_rewind/c/live_rewind_kr/4uh8sjlffxjyqky2cjo4l6g7r57zn7/1080p/hdntl=exp=1773838323~acl=*%2fkr%2f*~data=hdntl~hmac=7102b89cb67252385e608446b0916d9fe5fb2019148a1e1c52d5a70f232c8b7e/vod_chunklist.m3u8 --save-dir E:/videos/터틀-기타클립 --save-name temp_clip --auto-select

04:51:53.899 INFO : N_m3u8DL-RE (Beta version) 20251029
04:51:53.903 EXTRA: ffmpeg => C:\Users\82107\Desktop\Cliper\bin\ffmpeg.exe
04:51:53.908 INFO : Loading URL: https://light-slit.akamaized.net/chzzk/kr/live_rewind/c/live_rewind_kr/4uh8sjlffxjyqky2cjo4l6g7r57zn7/1080p/hdntl=exp=1773838323~acl=*%2fkr%2f*~data=hdntl~hmac=7102b89cb67252385e608446b0916d9fe5fb2019148a1e1c52d5a70f232c8b7e/vod_chunklist.m3u8
04:51:54.065 INFO : Content Matched: HTTP Live Streaming
04:51:54.067 INFO : Parsing streams...
04:51:54.307 WARN : Writing meta json
04:51:54.658 INFO : Extracted, there are 1 streams, with 1 basic streams, 0 audio streams, 0 subtitle streams
04:51:54.665 INFO : Vid Kbps | 6578 Segments | ~07h36m46s
04:51:54.730 INFO : Selected streams:
04:51:54.734 INFO : Vid Kbps | 6578 Segments | ~07h36m46s
04:51:54.738 WARN : Writing meta json
04:51:55.149 INFO : Save Name: temp_clip
04:51:55.319 INFO : Start downloading...Vid Kbps
04:51:55.330 WARN : fMP4 is detected, binary merging is automatically enabled
04:51:55.454 WARN : Reading media info...
04:51:55.799 INFO : [0x1]: Video, h264 (avc1), 1920x1080
04:51:55.803 INFO : [0x2]: Audio, aac (mp4a)
04:52:21.748 EXTRA: Ah oh!
RetryCount => 3
Exception  => Response status code does not indicate success: 504 (Gateway Time-out).
Url        => https://light-slit.akamaized.net/chzzk/kr/live_rewind/c/live_rewind_kr/4uh8sjlffxjyqky2cjo4l6g7r57zn7/1080p/hdntl=exp=1773838323~acl=*%2fkr%2f*~data=hdntl~hmac=7102b89cb67252385e608446b0916d9fe5fb2019148a1e1c52d5a70f232c8b7e/1080p_3428664307_1772964960671_882_0_211.m4v?type=hls&bitrate=838010&filetype=.m4v
04:52:28.441 EXTRA: Ah oh!
RetryCount => 3
Exception  => The response ended prematurely, with at least 2281456 additional bytes expected. (ResponseEnded)
Url        => https://light-slit.akamaized.net/chzzk/kr/live_rewind/c/live_rewind_kr/4uh8sjlffxjyqky2cjo4l6g7r57zn7/1080p/hdntl=exp=1773838323~acl=*%2fkr%2f*~data=hdntl~hmac=7102b89cb67252385e608446b0916d9fe5fb2019148a1e1c52d5a70f232c8b7e/1080p_3165474690_1772965056504_978_0_234.m4v?type=hls&bitrate=838208&filetype=.m4v
04:52:30.764 EXTRA: Ah oh!
RetryCount => 3
Exception  => Response status code does not indicate success: 504 (Gateway Time-out).
Url        => https://light-slit.akamaized.net/chzzk/kr/live_rewind/c/live_rewind_kr/4uh8sjlffxjyqky2cjo4l6g7r57zn7/1080p/hdntl=exp=1773838323~acl=*%2fkr%2f*~data=hdntl~hmac=7102b89cb67252385e608446b0916d9fe5fb2019148a1e1c52d5a70f232c8b7e/1080p_1666289900_1772965098171_1019_0_244.m4v?type=hls&bitrate=832078&filetype=.m4v
04:52:42.303 EXTRA: Ah oh!
RetryCount => 3
Exception  => Response status code does not indicate success: 504 (Gateway Time-out).
Url        => https://light-slit.akamaized.net/chzzk/kr/live_rewind/c/live_rewind_kr/4uh8sjlffxjyqky2cjo4l6g7r57zn7/1080p/hdntl=exp=1773838323~acl=*%2fkr%2f*~data=hdntl~hmac=7102b89cb67252385e608446b0916d9fe5fb2019148a1e1c52d5a70f232c8b7e/1080p_2626519431_1772965373171_1294_0_310.m4v?type=hls&bitrate=837634&filetype=.m4v
04:52:52.377 EXTRA: Ah oh!
RetryCount => 3
Exception  => Response status code does not indicate success: 504 (Gateway Time-out).
Url        => https://light-slit.akamaized.net/chzzk/kr/live_rewind/c/live_rewind_kr/4uh8sjlffxjyqky2cjo4l6g7r57zn7/1080p/hdntl=exp=1773838323~acl=*%2fkr%2f*~data=hdntl~hmac=7102b89cb67252385e608446b0916d9fe5fb2019148a1e1c52d5a70f232c8b7e/1080p_1969672758_1772965669004_1590_0_381.m4v?type=hls&bitrate=847871&filetype=.m4v
04:52:54.647 EXTRA: Ah oh!
RetryCount => 3
Exception  => Response status code does not indicate success: 504 (Gateway Time-out).
Url        => https://light-slit.akamaized.net/chzzk/kr/live_rewind/c/live_rewind_kr/4uh8sjlffxjyqky2cjo4l6g7r57zn7/1080p/hdntl=exp=1773838323~acl=*%2fkr%2f*~data=hdntl~hmac=7102b89cb67252385e608446b0916d9fe5fb2019148a1e1c52d5a70f232c8b7e/1080p_1794714597_1772965744004_1665_0_399.m4v?type=hls&bitrate=831653&filetype=.m4v
04:52:55.158 EXTRA: Ah oh!
RetryCount => 3
Exception  => The response ended prematurely, with at least 1292727 additional bytes expected. (ResponseEnded)
Url        => https://light-slit.akamaized.net/chzzk/kr/live_rewind/c/live_rewind_kr/4uh8sjlffxjyqky2cjo4l6g7r57zn7/1080p/hdntl=exp=1773838323~acl=*%2fkr%2f*~data=hdntl~hmac=7102b89cb67252385e608446b0916d9fe5fb2019148a1e1c52d5a70f232c8b7e/1080p_3929963210_1772965777338_1698_0_407.m4v?type=hls&bitrate=852570&filetype=.m4v
04:52:55.737 EXTRA: Ah oh!
RetryCount => 2
Exception  => Response status code does not indicate success: 504 (Gateway Time-out).
Url        => https://light-slit.akamaized.net/chzzk/kr/live_rewind/c/live_rewind_kr/4uh8sjlffxjyqky2cjo4l6g7r57zn7/1080p/hdntl=exp=1773838323~acl=*%2fkr%2f*~data=hdntl~hmac=7102b89cb67252385e608446b0916d9fe5fb2019148a1e1c52d5a70f232c8b7e/1080p_1794714597_1772965744004_1665_0_399.m4v?type=hls&bitrate=831653&filetype=.m4v
04:53:14.860 EXTRA: Ah oh!
RetryCount => 3
Exception  => Response status code does not indicate success: 504 (Gateway Time-out).
Url        => https://light-slit.akamaized.net/chzzk/kr/live_rewind/c/live_rewind_kr/4uh8sjlffxjyqky2cjo4l6g7r57zn7/1080p/hdntl=exp=1773838323~acl=*%2fkr%2f*~data=hdntl~hmac=7102b89cb67252385e608446b0916d9fe5fb2019148a1e1c52d5a70f232c8b7e/1080p_1815272063_1772966202338_2123_0_509.m4v?type=hls&bitrate=846482&filetype=.m4v
04:53:27.902 EXTRA: Ah oh!
RetryCount => 3
Exception  => Response status code does not indicate success: 504 (Gateway Time-out).
Url        => https://light-slit.akamaized.net/chzzk/kr/live_rewind/c/live_rewind_kr/4uh8sjlffxjyqky2cjo4l6g7r57zn7/1080p/hdntl=exp=1773838323~acl=*%2fkr%2f*~data=hdntl~hmac=7102b89cb67252385e608446b0916d9fe5fb2019148a1e1c52d5a70f232c8b7e/1080p_2970448059_1772966814838_2736_0_656.m4v?type=hls&bitrate=845202&filetype=.m4v
04:53:44.274 EXTRA: Ah oh!
RetryCount => 3
Exception  => Response status code does not indicate success: 504 (Gateway Time-out).
Url        => https://light-slit.akamaized.net/chzzk/kr/live_rewind/c/live_rewind_kr/4uh8sjlffxjyqky2cjo4l6g7r57zn7/1080p/hdntl=exp=1773838323~acl=*%2fkr%2f*~data=hdntl~hmac=7102b89cb67252385e608446b0916d9fe5fb2019148a1e1c52d5a70f232c8b7e/1080p_1664076935_1772967502338_3423_0_821.m4v?type=hls&bitrate=837966&filetype=.m4v
04:54:42.094 EXTRA: Ah oh!
RetryCount => 3
Exception  => 디스크 공간이 부족합니다. : 'C:\Users\82107\Desktop\Cliper\temp_clip\0____\1278.mp4.tmp'.
Url        => https://light-slit.akamaized.net/chzzk/kr/live_rewind/c/live_rewind_kr/4uh8sjlffxjyqky2cjo4l6g7r57zn7/1080p/hdntl=exp=1773838323~acl=*%2fkr%2f*~data=hdntl~hmac=7102b89cb67252385e608446b0916d9fe5fb2019148a1e1c52d5a70f232c8b7e/1080p_204161568_1772969406504_5328_0_1278.m4v?type=hls&bitrate=837393&filetype=.m4v
04:54:42.122 EXTRA: Ah oh!
RetryCount => 3
Exception  => 디스크 공간이 부족합니다. : 'C:\Users\82107\Desktop\Cliper\temp_clip\0____\1280.mp4.tmp'.
Url        => https://light-slit.akamaized.net/chzzk/kr/live_rewind/c/live_rewind_kr/4uh8sjlffxjyqky2cjo4l6g7r57zn7/1080p/hdntl=exp=1773838323~acl=*%2fkr%2f*~data=hdntl~hmac=7102b89cb67252385e608446b0916d9fe5fb2019148a1e1c52d5a70f232c8b7e/1080p_59498770_1772969414838_5336_0_1280.m4v?type=hls&bitrate=837806&filetype=.m4v
04:54:42.094 EXTRA: Ah oh!
RetryCount => 3
Exception  => 디스크 공간이 부족합니다. : 'C:\Users\82107\Desktop\Cliper\temp_clip\0____\1279.mp4.tmp'.
Url        => https://light-slit.akamaized.net/chzzk/kr/live_rewind/c/live_rewind_kr/4uh8sjlffxjyqky2cjo4l6g7r57zn7/1080p/hdntl=exp=1773838323~acl=*%2fkr%2f*~data=hdntl~hmac=7102b89cb67252385e608446b0916d9fe5fb2019148a1e1c52d5a70f232c8b7e/1080p_1193031091_1772969410671_5332_0_1279.m4v?type=hls&bitrate=837723&filetype=.m4v
