LOG 2026/03/18
Save Path: C:\Users\82107\Desktop\Cliper\bin\Logs
Task Start: 2026/03/18 05:00:59
Task CommandLine: C:\Users\82107\Desktop\Cliper\bin\N_m3u8DL-RE.exe https://light-slit.akamaized.net/chzzk/kr/live_rewind/c/live_rewind_kr/4uh8sjlffxjyqky2cjo4l6g7r57zn7/1080p/hdntl=exp=1773838869~acl=*%2fkr%2f*~data=hdntl~hmac=323a16d45ddadc877d3bea25168811e4e595e2c21c2f657abce33be034edba70/vod_chunklist.m3u8 --save-dir E:/videos/터틀-기타클립 --save-name temp_clip --auto-select --custom-range 0:00:00-0:00:52

05:00:59.877 INFO : N_m3u8DL-RE (Beta version) 20251029
05:00:59.882 EXTRA: ffmpeg => C:\Users\82107\Desktop\Cliper\bin\ffmpeg.exe
05:00:59.884 INFO : Loading URL: https://light-slit.akamaized.net/chzzk/kr/live_rewind/c/live_rewind_kr/4uh8sjlffxjyqky2cjo4l6g7r57zn7/1080p/hdntl=exp=1773838869~acl=*%2fkr%2f*~data=hdntl~hmac=323a16d45ddadc877d3bea25168811e4e595e2c21c2f657abce33be034edba70/vod_chunklist.m3u8
05:01:00.069 INFO : Content Matched: HTTP Live Streaming
05:01:00.076 INFO : Parsing streams...
05:01:00.352 WARN : Writing meta json
05:01:00.356 INFO : Extracted, there are 1 streams, with 1 basic streams, 0 audio streams, 0 subtitle streams
05:01:00.361 INFO : Vid Kbps | 6578 Segments | ~07h36m46s
05:01:00.368 INFO : User customed range: 0:00:00-0:00:52
05:01:00.370 WARN : Please note that custom range may sometimes result in audio and video being out of sync
05:01:11.995 INFO : Selected streams:
05:01:12.070 INFO : Vid Kbps | 13 Segments | ~00m54s
05:01:12.240 WARN : Writing meta json
05:01:12.277 INFO : Save Name: temp_clip
05:01:12.382 INFO : Start downloading...Vid Kbps
05:01:12.518 WARN : fMP4 is detected, binary merging is automatically enabled
05:01:12.557 WARN : Reading media info...
05:01:13.138 INFO : [0x1]: Video, h264 (avc1), 1920x1080
05:01:13.152 INFO : [0x2]: Audio, aac (mp4a)
05:01:13.212 INFO : Binary merging...
05:01:16.942 INFO : Done
