LOG 2026/03/18
Save Path: C:\Users\82107\Desktop\Cliper\bin\Logs
Task Start: 2026/03/18 05:02:39
Task CommandLine: C:\Users\82107\Desktop\Cliper\bin\N_m3u8DL-RE.exe https://b02-kr-smp-vod.pstatic.net/glive-clip/c/read/v2/VOD_ALPHA/glive-clip_2026_03_15_1762/hls/b4e028d3-205e-11f1-8541-80615f0bce3a.m3u8?hdnts=exp%3D1773806559%7Eacl%3D%2Fglive-clip%2Fc%2Fread%2Fv2%2FVOD_ALPHA%2Fglive-clip_2026_03_15_1762%2Fhls%2F*%7Ehmac%3D58f67ba96f5730c8f06a0cc4e54916ad5d9fa336c71a1c5ecd5059639bb38715 --save-dir E:/videos/터틀-기타클립 --save-name temp_clip --auto-select

05:02:39.676 INFO : N_m3u8DL-RE (Beta version) 20251029
05:02:39.683 EXTRA: ffmpeg => C:\Users\82107\Desktop\Cliper\bin\ffmpeg.exe
05:02:39.685 INFO : Loading URL: https://b02-kr-smp-vod.pstatic.net/glive-clip/c/read/v2/VOD_ALPHA/glive-clip_2026_03_15_1762/hls/b4e028d3-205e-11f1-8541-80615f0bce3a.m3u8?hdnts=exp%3D1773806559%7Eacl%3D%2Fglive-clip%2Fc%2Fread%2Fv2%2FVOD_ALPHA%2Fglive-clip_2026_03_15_1762%2Fhls%2F*%7Ehmac%3D58f67ba96f5730c8f06a0cc4e54916ad5d9fa336c71a1c5ecd5059639bb38715
05:02:39.859 INFO : Content Matched: HTTP Live Streaming
05:02:39.862 INFO : Parsing streams...
05:02:39.870 WARN : Writing meta json
05:02:39.881 INFO : Extracted, there are 1 streams, with 1 basic streams, 0 audio streams, 0 subtitle streams
05:02:39.885 INFO : Vid Kbps | 3 Segments | ~00m10s
05:02:39.888 INFO : Selected streams:
05:02:39.896 INFO : Vid Kbps | 3 Segments | ~00m10s
05:02:39.905 WARN : Writing meta json
05:02:39.911 INFO : Save Name: temp_clip
05:02:39.919 INFO : Start downloading...Vid Kbps
05:02:40.022 WARN : Reading media info...
05:02:40.256 INFO : [0x100]: Video, h264 (Main) ([27][0][0][0]), 720x1280, 30 fps
05:02:40.258 INFO : [0x101]: Audio, aac (LC) ([15][0][0][0]), 195 kb/s
05:02:40.336 INFO : ffmpeg merging...
05:02:40.797 WARN : [mpegts @ 00000295f5794b40] Packet corrupt (stream = 0, dts = 459000).
05:02:40.810 WARN : [mpegts @ 00000295f5794b40] Packet corrupt (stream = 0, dts = 819000).
05:02:40.930 WARN : [mpegts @ 00000295f5794b40] Packet corrupt (stream = 0, dts = 459000).
05:02:40.937 WARN : [in#0/mpegts @ 00000295f57946c0] corrupt input packet in stream 0
05:02:40.951 WARN : [mpegts @ 00000295f5794b40] Packet corrupt (stream = 0, dts = 819000).
05:02:40.978 WARN : [in#0/mpegts @ 00000295f57946c0] corrupt input packet in stream 0
05:02:41.339 INFO : Done
