LOG 2026/03/18
Save Path: C:\Users\82107\Desktop\Cliper\bin\Logs
Task Start: 2026/03/18 05:00:24
Task CommandLine: C:\Users\82107\Desktop\Cliper\bin\N_m3u8DL-RE.exe https://light-slit.akamaized.net/chzzk/kr/live_rewind/c/live_rewind_kr/4uh8sjlffxjyqky2cjo4l6g7r57zn7/1080p/hdntl=exp=1773838833~acl=*%2fkr%2f*~data=hdntl~hmac=9cf81cea01fc5b778cabf0e70008b1c459f841038e61edd03555bb30bec4d98f/vod_chunklist.m3u8 --save-dir E:/videos/터틀-기타클립 --save-name temp_clip --auto-select --custom-range 0:00:00-0:00:52

05:00:24.337 INFO : N_m3u8DL-RE (Beta version) 20251029
05:00:24.376 EXTRA: ffmpeg => C:\Users\82107\Desktop\Cliper\bin\ffmpeg.exe
05:00:24.382 INFO : Loading URL: https://light-slit.akamaized.net/chzzk/kr/live_rewind/c/live_rewind_kr/4uh8sjlffxjyqky2cjo4l6g7r57zn7/1080p/hdntl=exp=1773838833~acl=*%2fkr%2f*~data=hdntl~hmac=9cf81cea01fc5b778cabf0e70008b1c459f841038e61edd03555bb30bec4d98f/vod_chunklist.m3u8
05:00:24.718 INFO : Content Matched: HTTP Live Streaming
05:00:24.721 INFO : Parsing streams...
05:00:25.107 WARN : Writing meta json
05:00:25.110 INFO : Extracted, there are 1 streams, with 1 basic streams, 0 audio streams, 0 subtitle streams
05:00:25.120 INFO : Vid Kbps | 6578 Segments | ~07h36m46s
05:00:25.128 INFO : User customed range: 0:00:00-0:00:52
05:00:25.130 WARN : Please note that custom range may sometimes result in audio and video being out of sync
05:00:36.061 INFO : Selected streams:
05:00:36.096 INFO : Vid Kbps | 13 Segments | ~00m54s
05:00:36.133 WARN : Writing meta json
05:00:36.148 INFO : Save Name: temp_clip
05:00:36.246 INFO : Start downloading...Vid Kbps
05:00:36.260 WARN : fMP4 is detected, binary merging is automatically enabled
05:00:36.311 WARN : Reading media info...
05:00:36.816 INFO : [0x1]: Video, h264 (avc1), 1920x1080
05:00:36.853 INFO : [0x2]: Audio, aac (mp4a)
05:00:38.492 INFO : Binary merging...
