LOG 2026/03/18
Save Path: C:\Users\82107\Desktop\Cliper\bin\Logs
Task Start: 2026/03/18 04:38:47
Task CommandLine: C:\Users\82107\Desktop\Cliper\bin\N_m3u8DL-RE.exe https://b02-kr-smp-vod.pstatic.net/glive-clip/c/read/v2/VOD_ALPHA/glive-clip_2026_03_15_1762/hls/b4e028d3-205e-11f1-8541-80615f0bce3a.m3u8?hdnts=exp%3D1773804904%7Eacl%3D%2Fglive-clip%2Fc%2Fread%2Fv2%2FVOD_ALPHA%2Fglive-clip_2026_03_15_1762%2Fhls%2F*%7Ehmac%3D0276a0692bb47c83ca6716c92f403e86671c811c163e397307cbfaba4ca9c448 --save-dir E:/videos/터틀-기타클립 --save-name temp_clip --auto-select

04:38:47.273 INFO : N_m3u8DL-RE (Beta version) 20251029
04:38:47.279 EXTRA: ffmpeg => C:\Users\82107\Desktop\Cliper\bin\ffmpeg.exe
04:38:47.281 INFO : Loading URL: https://b02-kr-smp-vod.pstatic.net/glive-clip/c/read/v2/VOD_ALPHA/glive-clip_2026_03_15_1762/hls/b4e028d3-205e-11f1-8541-80615f0bce3a.m3u8?hdnts=exp%3D1773804904%7Eacl%3D%2Fglive-clip%2Fc%2Fread%2Fv2%2FVOD_ALPHA%2Fglive-clip_2026_03_15_1762%2Fhls%2F*%7Ehmac%3D0276a0692bb47c83ca6716c92f403e86671c811c163e397307cbfaba4ca9c448
04:38:47.603 INFO : Content Matched: HTTP Live Streaming
04:38:47.609 INFO : Parsing streams...
04:38:47.617 WARN : Writing meta json
04:38:47.627 INFO : Extracted, there are 1 streams, with 1 basic streams, 0 audio streams, 0 subtitle streams
04:38:47.632 INFO : Vid Kbps | 3 Segments | ~00m10s
04:38:47.636 INFO : Selected streams:
04:38:47.641 INFO : Vid Kbps | 3 Segments | ~00m10s
04:38:47.644 WARN : Writing meta json
04:38:47.654 INFO : Save Name: temp_clip
04:38:47.666 INFO : Start downloading...Vid Kbps
04:38:47.786 WARN : Reading media info...
04:38:48.287 INFO : [0x100]: Video, h264 (Main) ([27][0][0][0]), 720x1280, 30 fps
04:38:48.292 INFO : [0x101]: Audio, aac (LC) ([15][0][0][0]), 195 kb/s
04:38:48.371 INFO : ffmpeg merging...
04:38:48.595 WARN : [mpegts @ 000001e887d54b40] Packet corrupt (stream = 0, dts = 459000).
04:38:48.640 WARN : [mpegts @ 000001e887d54b40] Packet corrupt (stream = 0, dts = 819000).
04:38:48.745 WARN : [mpegts @ 000001e887d54b40] Packet corrupt (stream = 0, dts = 459000).
04:38:48.870 WARN : [in#0/mpegts @ 000001e887d546c0] corrupt input packet in stream 0
04:38:48.891 WARN : [mpegts @ 000001e887d54b40] Packet corrupt (stream = 0, dts = 819000).
04:38:48.921 WARN : [in#0/mpegts @ 000001e887d546c0] corrupt input packet in stream 0
04:38:49.237 INFO : Done
